#
# There is insufficient memory for the Java Runtime Environment to continue.
# Native memory allocation (mmap) failed to map 130023424 bytes. Error detail: G1 virtual space
# Possible reasons:
#   The system is out of physical RAM or swap space
#   This process is running with CompressedOops enabled, and the Java Heap may be blocking the growth of the native heap
# Possible solutions:
#   Reduce memory load on the system
#   Increase physical memory or swap space
#   Check if swap backing store is full
#   Decrease Java heap size (-Xmx/-Xms)
#   Decrease number of Java threads
#   Decrease Java thread stack sizes (-Xss)
#   Set larger code cache with -XX:ReservedCodeCacheSize=
#   JVM is running with Unscaled Compressed Oops mode in which the Java heap is
#     placed in the first 4GB address space. The Java Heap base address is the
#     maximum limit for the native heap growth. Please use -XX:HeapBaseMinAddress
#     to set the Java Heap base and to place the Java Heap above 4GB virtual address.
# This output file may be truncated or incomplete.
#
#  Out of Memory Error (os_windows.cpp:3828), pid=9268, tid=4320
#
# JRE version:  (21.0.4+13) (build )
# Java VM: OpenJDK 64-Bit Server VM (21.0.4+13-b509.26, mixed mode, sharing, tiered, compressed oops, compressed class ptrs, g1 gc, windows-amd64)
# No core dump will be written. Minidumps are not enabled by default on client versions of Windows
#

---------------  S U M M A R Y ------------

Command Line: -Djava.io.tmpdir=C:\Users\Hadi pc\AppData\Local\JetBrains\Rider2024.2\tmp\statistics-uploader com.intellij.internal.statistic.uploader.EventLogUploader --ide-token C:\Users\Hadi pc\AppData\Local\JetBrains\Rider2024.2\token --recorders FUS;MP --device-fus 261024163dbca80-5877-46e2-8184-341ba18dbcfb --bucket-fus 193 --machine-fus c29b4ceb15edf6d1951039057bf8c03d85f6b16157bbe62853abebf85fb83913 --id-revision-fus 0 --files-fus C:\Users\Hadi pc\AppData\Local\JetBrains\Rider2024.2\event-log-data\logs\FUS\cc48-4a5d-88b2-ee88d5246251-242.23726.100-release.log --escape-fus true --device-mp 2610241494b1f95-7918-46bc-b019-61941f7f917a --bucket-mp 16 --machine-mp e60c3bb30a2652aebdcb6c1b97d3df59557dd0af19b670fd7fa55449e3281c59 --id-revision-mp 0 --files-mp C:\Users\Hadi pc\AppData\Local\JetBrains\Rider2024.2\event-log-data\logs\MP\248e-4718-8fbe-4e73bdf32b94-242.23726.100-release.log --escape-mp true --url https://resources.jetbrains.com/storage/fus/config/v4/%s/%s.json --product RD --product-version 2024.2.7 --baseline-version 242 --user-agent JetBrains Rider/242.23726.100 --extra-headers 

Host: Intel(R) Core(TM) i5-7200U CPU @ 2.50GHz, 4 cores, 7G,  Windows 10 , 64 bit Build 19041 (10.0.19041.5438)
Time: Wed Apr 16 17:21:08 2025 Pakistan Standard Time elapsed time: 0.038859 seconds (0d 0h 0m 0s)

---------------  T H R E A D  ---------------

Current thread (0x000001be2a08e210):  JavaThread "Unknown thread" [_thread_in_vm, id=4320, stack(0x0000000e85600000,0x0000000e85700000) (1024K)]

Stack: [0x0000000e85600000,0x0000000e85700000]
Native frames: (J=compiled Java code, j=interpreted, Vv=VM code, C=native code)
V  [jvm.dll+0x6e3739]
V  [jvm.dll+0x8c0c33]
V  [jvm.dll+0x8c318e]
V  [jvm.dll+0x8c3873]
V  [jvm.dll+0x288256]
V  [jvm.dll+0x6dfec5]
V  [jvm.dll+0x6d439a]
V  [jvm.dll+0x36211b]
V  [jvm.dll+0x369cc6]
V  [jvm.dll+0x3bbdf6]
V  [jvm.dll+0x3bc0c8]
V  [jvm.dll+0x3348dc]
V  [jvm.dll+0x3355cb]
V  [jvm.dll+0x888099]
V  [jvm.dll+0x3c8f28]
V  [jvm.dll+0x871238]
V  [jvm.dll+0x45d8de]
V  [jvm.dll+0x45f5c1]
C  [jli.dll+0x52ab]
C  [ucrtbase.dll+0x21bb2]
C  [KERNEL32.DLL+0x17374]
C  [ntdll.dll+0x4cc91]


---------------  P R O C E S S  ---------------

Threads class SMR info:
_java_thread_list=0x00007ffbf7b22108, length=0, elements={
}

Java Threads: ( => current thread )
Total: 0

Other Threads:
  0x000001be2a0e05f0 WorkerThread "GC Thread#0"                     [id=17448, stack(0x0000000e85700000,0x0000000e85800000) (1024K)]
  0x000001be2a0f1320 ConcurrentGCThread "G1 Main Marker"            [id=18100, stack(0x0000000e85800000,0x0000000e85900000) (1024K)]
  0x000001be2a0f24d0 WorkerThread "G1 Conc#0"                       [id=7104, stack(0x0000000e85900000,0x0000000e85a00000) (1024K)]

[error occurred during error reporting (printing all threads), id 0xc0000005, EXCEPTION_ACCESS_VIOLATION (0xc0000005) at pc=0x00007ffbf7217997]
VM state: not at safepoint (not fully initialized)

VM Mutex/Monitor currently owned by a thread:  ([mutex/lock_event])
[0x00007ffbf7b96a48] Heap_lock - owner thread: 0x000001be2a08e210

Heap address: 0x0000000085c00000, size: 1956 MB, Compressed Oops mode: 32-bit

CDS archive(s) mapped at: [0x0000000000000000-0x0000000000000000-0x0000000000000000), size 0, SharedBaseAddress: 0x0000000800000000, ArchiveRelocationMode: 1.
Narrow klass base: 0x0000000000000000, Narrow klass shift: 0, Narrow klass range: 0x0

GC Precious Log:
 CardTable entry size: 512
 Card Set container configuration: InlinePtr #cards 5 size 8 Array Of Cards #cards 12 size 40 Howl #buckets 4 coarsen threshold 1843 Howl Bitmap #cards 512 size 80 coarsen threshold 460 Card regions per heap region 1 cards per card region 2048

Heap:
 garbage-first heap   total 0K, used 0K [0x0000000085c00000, 0x0000000100000000)
  region size 1024K, 0 young (0K), 0 survivors (0K)
 Metaspace       used 0K, committed 0K, reserved 0K
  class space    used 0K, committed 0K, reserved 0K

Heap Regions: E=young(eden), S=young(survivor), O=old, HS=humongous(starts), HC=humongous(continues), CS=collection set, F=free, TAMS=top-at-mark-start, PB=parsable bottom

Card table byte_map: [0x000001be3f1e0000,0x000001be3f5c0000] _byte_map_base: 0x000001be3edb2000

Marking Bits: (CMBitMap*) 0x000001be2a0e0c00
 Bits: [0x000001be3f5c0000, 0x000001be41450000)

GC Heap History (0 events):
No events

Dll operation events (1 events):
Event: 0.025 Loaded shared library D:\JetBrains Rider 2024.2.7\jbr\bin\java.dll

Deoptimization events (0 events):
No events

Classes loaded (0 events):
No events

Classes unloaded (0 events):
No events

Classes redefined (0 events):
No events

Internal exceptions (0 events):
No events

ZGC Phase Switch (0 events):
No events

VM Operations (0 events):
No events

Memory protections (0 events):
No events

Nmethod flushes (0 events):
No events

Events (0 events):
No events


Dynamic libraries:
0x00007ff647e40000 - 0x00007ff647e4a000 	D:\JetBrains Rider 2024.2.7\jbr\bin\java.exe
0x00007ffc4e850000 - 0x00007ffc4ea48000 	C:\Windows\SYSTEM32\ntdll.dll
0x00007ffc4d300000 - 0x00007ffc4d3c2000 	C:\Windows\System32\KERNEL32.DLL
0x00007ffc4c240000 - 0x00007ffc4c53f000 	C:\Windows\System32\KERNELBASE.dll
0x00007ffc4c740000 - 0x00007ffc4c840000 	C:\Windows\System32\ucrtbase.dll
0x00007ffc462b0000 - 0x00007ffc462cb000 	D:\JetBrains Rider 2024.2.7\jbr\bin\VCRUNTIME140.dll
0x00007ffc45de0000 - 0x00007ffc45df8000 	D:\JetBrains Rider 2024.2.7\jbr\bin\jli.dll
0x00007ffc4ce40000 - 0x00007ffc4cfdd000 	C:\Windows\System32\USER32.dll
0x00007ffc4c840000 - 0x00007ffc4c862000 	C:\Windows\System32\win32u.dll
0x00007ffc4d4d0000 - 0x00007ffc4d4fb000 	C:\Windows\System32\GDI32.dll
0x00007ffc426f0000 - 0x00007ffc4298a000 	C:\Windows\WinSxS\amd64_microsoft.windows.common-controls_6595b64144ccf1df_6.0.19041.4355_none_60b8b9eb71f62e16\COMCTL32.dll
0x00007ffc4c5d0000 - 0x00007ffc4c6ea000 	C:\Windows\System32\gdi32full.dll
0x00007ffc4cda0000 - 0x00007ffc4ce3e000 	C:\Windows\System32\msvcrt.dll
0x00007ffc4bf60000 - 0x00007ffc4bffd000 	C:\Windows\System32\msvcp_win.dll
0x00007ffc4c900000 - 0x00007ffc4c92f000 	C:\Windows\System32\IMM32.DLL
0x00007ffc45b70000 - 0x00007ffc45b7c000 	D:\JetBrains Rider 2024.2.7\jbr\bin\vcruntime140_1.dll
0x00007ffc1e8f0000 - 0x00007ffc1e97d000 	D:\JetBrains Rider 2024.2.7\jbr\bin\msvcp140.dll
0x00007ffbf6ed0000 - 0x00007ffbf7c87000 	D:\JetBrains Rider 2024.2.7\jbr\bin\server\jvm.dll
0x00007ffc4de50000 - 0x00007ffc4deff000 	C:\Windows\System32\ADVAPI32.dll
0x00007ffc4d640000 - 0x00007ffc4d6df000 	C:\Windows\System32\sechost.dll
0x00007ffc4ca60000 - 0x00007ffc4cb83000 	C:\Windows\System32\RPCRT4.dll
0x00007ffc4c000000 - 0x00007ffc4c027000 	C:\Windows\System32\bcrypt.dll
0x00007ffc4d5d0000 - 0x00007ffc4d63b000 	C:\Windows\System32\WS2_32.dll
0x00007ffc4bca0000 - 0x00007ffc4bceb000 	C:\Windows\SYSTEM32\POWRPROF.dll
0x00007ffc34a00000 - 0x00007ffc34a27000 	C:\Windows\SYSTEM32\WINMM.dll
0x00007ffc46860000 - 0x00007ffc4686a000 	C:\Windows\SYSTEM32\VERSION.dll
0x00007ffc4bc80000 - 0x00007ffc4bc92000 	C:\Windows\SYSTEM32\UMPDC.dll
0x00007ffc4a710000 - 0x00007ffc4a722000 	C:\Windows\SYSTEM32\kernel.appcore.dll
0x00007ffc43fb0000 - 0x00007ffc43fba000 	D:\JetBrains Rider 2024.2.7\jbr\bin\jimage.dll
0x00007ffc4a410000 - 0x00007ffc4a5f4000 	C:\Windows\SYSTEM32\DBGHELP.DLL
0x00007ffc44ff0000 - 0x00007ffc45024000 	C:\Windows\SYSTEM32\dbgcore.DLL
0x00007ffc4c540000 - 0x00007ffc4c5c2000 	C:\Windows\System32\bcryptPrimitives.dll
0x00007ffc409b0000 - 0x00007ffc409cf000 	D:\JetBrains Rider 2024.2.7\jbr\bin\java.dll

dbghelp: loaded successfully - version: 4.0.5 - missing functions: none
symbol engine: initialized successfully - sym options: 0x614 - pdb path: .;D:\JetBrains Rider 2024.2.7\jbr\bin;C:\Windows\SYSTEM32;C:\Windows\WinSxS\amd64_microsoft.windows.common-controls_6595b64144ccf1df_6.0.19041.4355_none_60b8b9eb71f62e16;D:\JetBrains Rider 2024.2.7\jbr\bin\server

VM Arguments:
jvm_args: -Djava.io.tmpdir=C:\Users\Hadi pc\AppData\Local\JetBrains\Rider2024.2\tmp\statistics-uploader 
java_command: com.intellij.internal.statistic.uploader.EventLogUploader --ide-token C:\Users\Hadi pc\AppData\Local\JetBrains\Rider2024.2\token --recorders FUS;MP --device-fus 261024163dbca80-5877-46e2-8184-341ba18dbcfb --bucket-fus 193 --machine-fus c29b4ceb15edf6d1951039057bf8c03d85f6b16157bbe62853abebf85fb83913 --id-revision-fus 0 --files-fus C:\Users\Hadi pc\AppData\Local\JetBrains\Rider2024.2\event-log-data\logs\FUS\cc48-4a5d-88b2-ee88d5246251-242.23726.100-release.log --escape-fus true --device-mp 2610241494b1f95-7918-46bc-b019-61941f7f917a --bucket-mp 16 --machine-mp e60c3bb30a2652aebdcb6c1b97d3df59557dd0af19b670fd7fa55449e3281c59 --id-revision-mp 0 --files-mp C:\Users\Hadi pc\AppData\Local\JetBrains\Rider2024.2\event-log-data\logs\MP\248e-4718-8fbe-4e73bdf32b94-242.23726.100-release.log --escape-mp true --url https://resources.jetbrains.com/storage/fus/config/v4/%s/%s.json --product RD --product-version 2024.2.7 --baseline-version 242 --user-agent JetBrains Rider/242.23726.100 --extra-headers 
java_class_path (initial): D:\JetBrains Rider 2024.2.7\lib\util-8.jar;D:\JetBrains Rider 2024.2.7\lib\annotations.jar;D:\JetBrains Rider 2024.2.7\lib\lib-client.jar;D:\JetBrains Rider 2024.2.7\lib\stats.jar
Launcher Type: SUN_STANDARD

[Global flags]
     intx CICompilerCount                          = 3                                         {product} {ergonomic}
     uint ConcGCThreads                            = 1                                         {product} {ergonomic}
     uint G1ConcRefinementThreads                  = 4                                         {product} {ergonomic}
   size_t G1HeapRegionSize                         = 1048576                                   {product} {ergonomic}
    uintx GCDrainStackTargetSize                   = 64                                        {product} {ergonomic}
   size_t InitialHeapSize                          = 130023424                                 {product} {ergonomic}
   size_t MarkStackSize                            = 4194304                                   {product} {ergonomic}
   size_t MaxHeapSize                              = 2051014656                                {product} {ergonomic}
   size_t MinHeapDeltaBytes                        = 1048576                                   {product} {ergonomic}
   size_t MinHeapSize                              = 8388608                                   {product} {ergonomic}
    uintx NonNMethodCodeHeapSize                   = 5832780                                {pd product} {ergonomic}
    uintx NonProfiledCodeHeapSize                  = 122912730                              {pd product} {ergonomic}
    uintx ProfiledCodeHeapSize                     = 122912730                              {pd product} {ergonomic}
    uintx ReservedCodeCacheSize                    = 251658240                              {pd product} {ergonomic}
     bool SegmentedCodeCache                       = true                                      {product} {ergonomic}
   size_t SoftMaxHeapSize                          = 2051014656                             {manageable} {ergonomic}
     bool UseCompressedOops                        = true                           {product lp64_product} {ergonomic}
     bool UseG1GC                                  = true                                      {product} {ergonomic}
     bool UseLargePagesIndividualAllocation        = false                                  {pd product} {ergonomic}

Logging:
Log output configuration:
 #0: stdout all=warning uptime,level,tags foldmultilines=false
 #1: stderr all=off uptime,level,tags foldmultilines=false

Environment Variables:
JAVA_HOME=D:\Gaming\2022.3.33f1\Editor\Data\PlaybackEngines\AndroidPlayer\OpenJDK
PATH=C:\Windows\system32;C:\Windows;C:\Windows\System32\Wbem;C:\Windows\System32\WindowsPowerShell\v1.0\;C:\Windows\System32\OpenSSH\;C:\Program Files\Azure Data Studio\bin;C:\MinGW\bin;C:\Program Files\dotnet\;C:\Program Files\Cloudflare\Cloudflare WARP\;C:\Users\Hadi pc\AppData\Local\Microsoft\WindowsApps;C:\Program Files\Azure Data Studio\bin;C:\Users\Hadi pc\AppData\Local\GitHubDesktop\bin
USERNAME=Hadi pc
OS=Windows_NT
PROCESSOR_IDENTIFIER=Intel64 Family 6 Model 142 Stepping 9, GenuineIntel
TMP=C:\Users\HADIPC~1\AppData\Local\Temp
TEMP=C:\Users\HADIPC~1\AppData\Local\Temp




Periodic native trim disabled

JNI global refs:
JNI global refs: 0, weak refs: 0

JNI global refs memory usage: 0, weak refs: 0

Process memory usage:
Resident Set Size: 10724K (0% of 8003888K total physical memory with 169020K free physical memory)

OOME stack traces (most recent first):
Classloader memory used:

---------------  S Y S T E M  ---------------

OS:
 Windows 10 , 64 bit Build 19041 (10.0.19041.5438)
OS uptime: 30 days 19:20 hours

CPU: total 4 (initial active 4) (2 cores per cpu, 2 threads per core) family 6 model 142 stepping 9 microcode 0xf0, cx8, cmov, fxsr, ht, mmx, 3dnowpref, sse, sse2, sse3, ssse3, sse4.1, sse4.2, popcnt, lzcnt, tsc, tscinvbit, avx, avx2, aes, erms, clmul, bmi1, bmi2, adx, fma, vzeroupper, clflush, clflushopt, rdtscp, f16c
Processor Information for all 4 processors :
  Max Mhz: 2701, Current Mhz: 2701, Mhz Limit: 2701

Memory: 4k page, system-wide physical 7816M (165M free)
TotalPageFile size 11912M (AvailPageFile size 31M)
current process WorkingSet (physical memory assigned to process): 10M, peak: 10M
current process commit charge ("private bytes"): 51M, peak: 175M

vm_info: OpenJDK 64-Bit Server VM (21.0.4+13-b509.26) for windows-amd64 JRE (21.0.4+13-b509.26), built on 2024-09-27 by "builduser" with MS VC++ 16.10 / 16.11 (VS2019)

END.
